**************************************
Date: Sat Nov 16 13:51:23 CET 2013
Author: stefan
Tag: docutils_xml_1_4

--------------------------------------
Update of /home/stefan/vault/sm/docutils_xml/docutils_xml/parsers
In directory eskebo:/home/stefan/free/docutils_xml/docutils_xml/parsers

Added Files:
	xml.py xslt.py 

--------------------------------------
Update of /home/stefan/vault/sm/docutils_xml/docutils_xml/writers
In directory eskebo:/home/stefan/free/docutils_xml/docutils_xml/writers

Added Files:
	xslt.py 

--------------------------------------
Log Message:
Added code from `odf2docutils` as of `odf2docutils_1_105`.
**************************************
Date: Sat Nov 16 13:46:18 CET 2013
Author: stefan
Tag: docutils_xml_1_3

--------------------------------------
Update of /home/stefan/vault/sm/docutils_xml
In directory eskebo:/home/stefan/free/docutils_xml

Modified Files:
	setup.py 
Added Files:
	docutils_xml.rst 

--------------------------------------
Update of /home/stefan/vault/sm/docutils_xml/docutils_xml
In directory eskebo:/home/stefan/free/docutils_xml/docutils_xml

Added Files:
	__init__.py 

--------------------------------------
Update of /home/stefan/vault/sm/docutils_xml/docutils_xml/parsers
In directory eskebo:/home/stefan/free/docutils_xml/docutils_xml/parsers

Added Files:
	__init__.py 

--------------------------------------
Update of /home/stefan/vault/sm/docutils_xml/docutils_xml/writers
In directory eskebo:/home/stefan/free/docutils_xml/docutils_xml/writers

Added Files:
	__init__.py 

--------------------------------------
Log Message:
Added structure for the module.
**************************************
Date: Sat Nov 16 13:36:25 CET 2013
Author: stefan
Tag: docutils_xml_1_2

--------------------------------------
Update of /home/stefan/vault/sm/docutils_xml
In directory eskebo:/home/stefan/free/docutils_xml

Added Files:
	Makefile setup.py 

--------------------------------------
Log Message:
Added basic infrastructure.
**************************************
Date: Sat Nov 16 13:08:31 CET 2013
Author: stefan

--------------------------------------
Update of /home/stefan/vault/sm/docutils_xml/docutils_xml
In directory eskebo:/home/stefan/free/docutils_xml/docutils_xml


--------------------------------------
Update of /home/stefan/vault/sm/docutils_xml/test
In directory eskebo:/home/stefan/free/docutils_xml/test


--------------------------------------
Log Message:
Directory /home/stefan/vault/sm/docutils_xml/docutils_xml put under version control

Directory /home/stefan/vault/sm/docutils_xml/test put under version control

