**************************************
Date: Sun Jun 20 11:34:24 CEST 2010
Author: stefan
Tag: rstdiff_1_40

--------------------------------------
Update of /home/stefan/vault/sm/rstdiff
In directory rosalu:/home/stefan/free/rstdiff

Modified Files:
	rstdiff.py 

--------------------------------------
Update of /home/stefan/vault/sm/rstdiff/tests/simple/source
In directory rosalu:/home/stefan/free/rstdiff/tests/simple/source

Modified Files:
	textDifferent.rst 

--------------------------------------
Log Message:
Refactoring: `Word`/`White` sequences are converted back to `Text` in
the result.

Unit tests run again.
**************************************
Date: Sat Jun 19 16:32:34 CEST 2010
Author: stefan
Tag: rstdiff_1_39

--------------------------------------
Update of /home/stefan/vault/sm/rstdiff
In directory rosalu:/home/stefan/free/rstdiff

Modified Files:
	rstdiff.py 

--------------------------------------
Log Message:
Refactoring: `Text`, `Word` and `White` are merged correctly.
**************************************
Date: Sat Jun 19 16:10:05 CEST 2010
Author: stefan
Tag: rstdiff_1_38

--------------------------------------
Update of /home/stefan/vault/sm/rstdiff
In directory rosalu:/home/stefan/free/rstdiff

Modified Files:
	rstdiff.py 

--------------------------------------
Log Message:
Refactoring: `Text` is replaced by `Word` and `White`.
**************************************
Date: Sat Jun 19 12:58:00 CEST 2010
Author: stefan
Tag: rstdiff_1_37

--------------------------------------
Update of /home/stefan/vault/sm/rstdiff
In directory rosalu:/home/stefan/free/rstdiff

Modified Files:
	rstdiff.py 

--------------------------------------
Log Message:
Refactoring: First step towards replacing `Text` by `Word` and
`White`.
**************************************
Date: Sun Jun 13 12:29:16 CEST 2010
Author: stefan
Tag: rstdiff_1_36

--------------------------------------
Update of /home/stefan/vault/sm/rstdiff
In directory rosalu:/home/stefan/free/rstdiff

Modified Files:
	rstdiff.py 

--------------------------------------
Log Message:
Continued merging of text.
**************************************
Date: Sat Jun 12 14:53:33 CEST 2010
Author: stefan
Tag: rstdiff_1_35

--------------------------------------
Update of /home/stefan/vault/sm/rstdiff
In directory rosalu:/home/stefan/free/rstdiff

Modified Files:
	rstdiff.py 

--------------------------------------
Log Message:
Continued merging of children.
**************************************
Date: Sat Jun 12 13:18:49 CEST 2010
Author: stefan
Tag: rstdiff_1_34

--------------------------------------
Update of /home/stefan/vault/sm/rstdiff
In directory rosalu:/home/stefan/free/rstdiff

Modified Files:
	rstdiff.py 

--------------------------------------
Log Message:
Refactoring: New class `Opcode`.

Continued merging of children.
**************************************
Date: Sat Jun  5 23:14:48 CEST 2010
Author: stefan
Tag: rstdiff_1_33

--------------------------------------
Update of /home/stefan/vault/sm/rstdiff
In directory rosalu:/home/stefan/free/rstdiff

Modified Files:
	rstdiff.py 

--------------------------------------
Update of /home/stefan/vault/sm/rstdiff/tests
In directory rosalu:/home/stefan/free/rstdiff/tests

Modified Files:
	rules.gmk 

--------------------------------------
Update of /home/stefan/vault/sm/rstdiff/tests/simple
In directory rosalu:/home/stefan/free/rstdiff/tests/simple

Modified Files:
	filterunit.cfg 

--------------------------------------
Log Message:
Completed first step to tree generation. Added writer. First unit test
runs.
**************************************
Date: Sat Jun  5 22:31:39 CEST 2010
Author: stefan
Tag: rstdiff_1_32

--------------------------------------
Update of /home/stefan/vault/sm/rstdiff
In directory rosalu:/home/stefan/free/rstdiff

Modified Files:
	rstdiff.py 

--------------------------------------
Update of /home/stefan/vault/sm/rstdiff/tests/simple
In directory rosalu:/home/stefan/free/rstdiff/tests/simple

Modified Files:
	filterunit.cfg 

--------------------------------------
Log Message:
Debugging.
**************************************
Date: Sat Jun  5 14:19:52 CEST 2010
Author: stefan
Tag: rstdiff_1_31

--------------------------------------
Update of /home/stefan/vault/sm/rstdiff
In directory rosalu:/home/stefan/free/rstdiff

Modified Files:
	rstdiff.py 

--------------------------------------
Log Message:
Continued generation of output tree.
**************************************
Date: Sat Jun  5 11:59:39 CEST 2010
Author: stefan
Tag: rstdiff_1_30

--------------------------------------
Update of /home/stefan/vault/sm/rstdiff
In directory rosalu:/home/stefan/free/rstdiff

Modified Files:
	rstdiff.py 

--------------------------------------
Update of /home/stefan/vault/sm/rstdiff/treediff
In directory rosalu:/home/stefan/free/rstdiff/treediff

Modified Files:
	__init__.py 

--------------------------------------
Log Message:
Started implementation of building a result tree.
**************************************
Date: Thu Jun  3 13:04:41 CEST 2010
Author: stefan
Tag: rstdiff_1_29

--------------------------------------
Update of /home/stefan/vault/sm/rstdiff
In directory rosalu:/home/stefan/free/rstdiff

Modified Files:
	rstdiff.py 

--------------------------------------
Log Message:
Started creation of result document.
**************************************
Date: Sun May 30 13:01:23 CEST 2010
Author: stefan
Tag: rstdiff_1_28

--------------------------------------
Update of /home/stefan/vault/sm/rstdiff
In directory rosalu:/home/stefan/free/rstdiff

Modified Files:
	rstdiff.py 

--------------------------------------
Log Message:
Preparations for constructing.
**************************************
Date: Sun May 30 12:30:54 CEST 2010
Author: stefan
Tag: rstdiff_1_27

--------------------------------------
Update of /home/stefan/vault/sm/rstdiff
In directory rosalu:/home/stefan/free/rstdiff

Modified Files:
	rstdiff.py 

--------------------------------------
Log Message:
Text is considered as sequence of words.
**************************************
Date: Sat May 29 15:28:43 CEST 2010
Author: stefan
Tag: rstdiff_1_26

--------------------------------------
Update of /home/stefan/vault/sm/rstdiff
In directory rosalu:/home/stefan/free/rstdiff

Modified Files:
	rstdiff.py 

--------------------------------------
Update of /home/stefan/vault/sm/rstdiff/tests/simple/input
In directory rosalu:/home/stefan/free/rstdiff/tests/simple/input

Added Files:
	textDifferent.new.rst textDifferent.old.rst textEqual.new.rst 
	textEqual.old.rst 

--------------------------------------
Update of /home/stefan/vault/sm/rstdiff/tests/simple/source
In directory rosalu:/home/stefan/free/rstdiff/tests/simple/source

Added Files:
	textDifferent.rst textEqual.rst 

--------------------------------------
Log Message:
Improvements and debugging.
**************************************
Date: Mon May 24 12:52:09 CEST 2010
Author: stefan
Tag: rstdiff_1_25

--------------------------------------
Update of /home/stefan/vault/sm/rstdiff
In directory rosalu:/home/stefan/free/rstdiff

Modified Files:
	rstdiff.py 

--------------------------------------
Log Message:
Completed infrastructure.
**************************************
Date: Sun May 23 13:55:05 CEST 2010
Author: stefan
Tag: rstdiff_1_24

--------------------------------------
Update of /home/stefan/vault/sm/rstdiff
In directory rosalu:/home/stefan/free/rstdiff

Modified Files:
	rstdiff.py 

--------------------------------------
Update of /home/stefan/vault/sm/rstdiff/treediff
In directory rosalu:/home/stefan/free/rstdiff/treediff

Modified Files:
	__init__.py 

--------------------------------------
Log Message:
First steps towards a hashable implementation for Docutils nodes.
**************************************
Date: Sun May 16 14:45:35 CEST 2010
Author: stefan
Tag: rstdiff_1_23

--------------------------------------
Update of /home/stefan/vault/sm/rstdiff
In directory rosalu:/home/stefan/free/rstdiff

Modified Files:
	rstdiff.py 

--------------------------------------
Update of /home/stefan/vault/sm/rstdiff/studies
In directory rosalu:/home/stefan/free/rstdiff/studies

Modified Files:
	diff.py hashable.py 

--------------------------------------
Update of /home/stefan/vault/sm/rstdiff/treediff
In directory rosalu:/home/stefan/free/rstdiff/treediff

Added Files:
	__init__.py 

--------------------------------------
Log Message:
Moved core of the studies to real package.
**************************************
Date: Sun May 16 14:44:48 CEST 2010
Author: stefan

--------------------------------------
Update of /home/stefan/vault/sm/rstdiff/treediff
In directory rosalu:/home/stefan/free/rstdiff/treediff


--------------------------------------
Log Message:
Directory /home/stefan/vault/sm/rstdiff/treediff added to the repository
**************************************
Date: Thu May 13 14:32:49 CEST 2010
Author: stefan
Tag: rstdiff_1_22

--------------------------------------
Update of /home/stefan/vault/sm/rstdiff
In directory rosalu:/home/stefan/free/rstdiff

Modified Files:
	rstdiff.py 

--------------------------------------
Log Message:
Writer is configured properly.
**************************************
Date: Sun May  9 14:38:14 CEST 2010
Author: stefan
Tag: rstdiff_1_21

--------------------------------------
Update of /home/stefan/vault/sm/rstdiff
In directory rosalu:/home/stefan/free/rstdiff

Modified Files:
	rstdiff.py 

--------------------------------------
Log Message:
Input files are parsed.
**************************************
Date: Sun May  9 14:22:11 CEST 2010
Author: stefan
Tag: rstdiff_1_20

--------------------------------------
Update of /home/stefan/vault/sm/rstdiff
In directory rosalu:/home/stefan/free/rstdiff

Modified Files:
	rstdiff.py 

--------------------------------------
Log Message:
Command line processing ok.
**************************************
Date: Sun May  9 10:25:10 CEST 2010
Author: stefan
Tag: rstdiff_1_19

--------------------------------------
Update of /home/stefan/vault/sm/rstdiff
In directory rosalu:/home/stefan/free/rstdiff

Added Files:
	rstdiff.py 

--------------------------------------
Update of /home/stefan/vault/sm/rstdiff/studies
In directory rosalu:/home/stefan/free/rstdiff/studies

Modified Files:
	diff.py 

--------------------------------------
Log Message:
Added `rstdiff.py`.
**************************************
Date: Sat May  8 12:56:02 CEST 2010
Author: stefan
Tag: rstdiff_1_18

--------------------------------------
Update of /home/stefan/vault/sm/rstdiff/studies
In directory rosalu:/home/stefan/free/rstdiff/studies

Modified Files:
	diff.py 

--------------------------------------
Log Message:
Continued studies. There is a class `TreeMatcher` similar to
`SequenceMatcher`.
**************************************
Date: Sun Apr 25 12:14:20 CEST 2010
Author: stefan
Tag: rstdiff_1_17

--------------------------------------
Update of /home/stefan/vault/sm/rstdiff/studies
In directory rosalu:/home/stefan/free/rstdiff/studies

Added Files:
	coloring.css 

--------------------------------------
Update of /home/stefan/vault/sm/rstdiff/tests/simple
In directory rosalu:/home/stefan/free/rstdiff/tests/simple

Modified Files:
	filterunit.cfg 

--------------------------------------
Update of /home/stefan/vault/sm/rstdiff/tests/simple/input
In directory rosalu:/home/stefan/free/rstdiff/tests/simple/input

Modified Files:
	textOnly.new.rst textOnly.old.rst 
Added Files:
	section.new.rst section.old.rst 

--------------------------------------
Update of /home/stefan/vault/sm/rstdiff/tests/simple/source
In directory rosalu:/home/stefan/free/rstdiff/tests/simple/source

Modified Files:
	textOnly.rst 
Added Files:
	section.rst 

--------------------------------------
Log Message:
Added tests.
**************************************
Date: Sat Apr 24 15:19:06 CEST 2010
Author: stefan
Tag: rstdiff_1_16

--------------------------------------
Update of /home/stefan/vault/sm/rstdiff/tests
In directory rosalu:/home/stefan/free/rstdiff/tests

Modified Files:
	rules.gmk 

--------------------------------------
Update of /home/stefan/vault/sm/rstdiff/tests/simple/source
In directory rosalu:/home/stefan/free/rstdiff/tests/simple/source

Modified Files:
	textOnly.rst 

--------------------------------------
Log Message:
Corrected tests.
**************************************
Date: Sat Apr 24 12:40:06 CEST 2010
Author: stefan
Tag: rstdiff_1_15

--------------------------------------
Update of /home/stefan/vault/sm/rstdiff
In directory rosalu:/home/stefan/free/rstdiff

Added Files:
	Makefile 

--------------------------------------
Update of /home/stefan/vault/sm/rstdiff/studies
In directory rosalu:/home/stefan/free/rstdiff/studies

Added Files:
	rstdiff.sh 

--------------------------------------
Update of /home/stefan/vault/sm/rstdiff/tests
In directory rosalu:/home/stefan/free/rstdiff/tests

Added Files:
	Makefile rules.gmk 

--------------------------------------
Update of /home/stefan/vault/sm/rstdiff/tests/simple
In directory rosalu:/home/stefan/free/rstdiff/tests/simple

Added Files:
	Makefile filterunit.cfg 

--------------------------------------
Update of /home/stefan/vault/sm/rstdiff/tests/simple/input
In directory rosalu:/home/stefan/free/rstdiff/tests/simple/input

Added Files:
	textOnly.new.rst textOnly.old.rst 

--------------------------------------
Update of /home/stefan/vault/sm/rstdiff/tests/simple/source
In directory rosalu:/home/stefan/free/rstdiff/tests/simple/source

Added Files:
	textOnly.rst 

--------------------------------------
Log Message:
Added tests.
**************************************
Date: Sat Apr 24 12:31:27 CEST 2010
Author: stefan

--------------------------------------
Update of /home/stefan/vault/sm/rstdiff/tests/simple/input
In directory rosalu:/home/stefan/free/rstdiff/tests/simple/input


--------------------------------------
Update of /home/stefan/vault/sm/rstdiff/tests/simple/source
In directory rosalu:/home/stefan/free/rstdiff/tests/simple/source


--------------------------------------
Log Message:
Directory /home/stefan/vault/sm/rstdiff/tests/simple/input added to the repository

Directory /home/stefan/vault/sm/rstdiff/tests/simple/source added to the repository
**************************************
Date: Sat Apr 24 12:30:37 CEST 2010
Author: stefan

--------------------------------------
Update of /home/stefan/vault/sm/rstdiff/tests/simple
In directory rosalu:/home/stefan/free/rstdiff/tests/simple


--------------------------------------
Log Message:
Directory /home/stefan/vault/sm/rstdiff/tests/simple added to the repository
**************************************
Date: Sat Apr 24 12:30:21 CEST 2010
Author: stefan

--------------------------------------
Update of /home/stefan/vault/sm/rstdiff/tests
In directory rosalu:/home/stefan/free/rstdiff/tests


--------------------------------------
Log Message:
Directory /home/stefan/vault/sm/rstdiff/tests added to the repository
**************************************
Date: Sun Apr 18 12:45:06 CEST 2010
Author: stefan
Tag: rstdiff_1_14

--------------------------------------
Update of /home/stefan/vault/sm/rstdiff/studies
In directory rosalu:/home/stefan/free/rstdiff/studies

Modified Files:
	diff.py hashable.py 

--------------------------------------
Log Message:
Refactoring.
**************************************
Date: Sat Apr 17 13:47:23 CEST 2010
Author: stefan
Tag: rstdiff_1_13

--------------------------------------
Update of /home/stefan/vault/sm/rstdiff/studies
In directory rosalu:/home/stefan/free/rstdiff/studies

Modified Files:
	diff.py 

--------------------------------------
Log Message:
Continued studies.
**************************************
Date: Sat Apr 17 13:10:51 CEST 2010
Author: stefan
Tag: rstdiff_1_12

--------------------------------------
Update of /home/stefan/vault/sm/rstdiff/studies
In directory rosalu:/home/stefan/free/rstdiff/studies

Modified Files:
	diff.py 

--------------------------------------
Log Message:
Continued studies.
**************************************
Date: Sun Apr 11 15:27:42 CEST 2010
Author: stefan
Tag: rstdiff_1_11

--------------------------------------
Update of /home/stefan/vault/sm/rstdiff/studies
In directory rosalu:/home/stefan/free/rstdiff/studies

Modified Files:
	diff.py 

--------------------------------------
Log Message:
Continued studies. Basic algorithm seems to work.
**************************************
Date: Sun Apr 11 12:02:24 CEST 2010
Author: stefan
Tag: rstdiff_1_10

--------------------------------------
Update of /home/stefan/vault/sm/rstdiff/studies
In directory rosalu:/home/stefan/free/rstdiff/studies

Modified Files:
	diff.py 

--------------------------------------
Log Message:
Continued studies.
**************************************
Date: Sun Apr 11 11:52:23 CEST 2010
Author: stefan
Tag: rstdiff_1_9

--------------------------------------
Update of /home/stefan/vault/sm/rstdiff/studies
In directory rosalu:/home/stefan/free/rstdiff/studies

Modified Files:
	diff.py 

--------------------------------------
Log Message:
Continued studies.
**************************************
Date: Sat Apr 10 11:29:51 CEST 2010
Author: stefan
Tag: rstdiff_1_8

--------------------------------------
Update of /home/stefan/vault/sm/rstdiff/studies
In directory rosalu:/home/stefan/free/rstdiff/studies

Modified Files:
	diff.py hashable.py 

--------------------------------------
Log Message:
Continued studies.
**************************************
Date: Mon Apr  5 10:54:58 CEST 2010
Author: stefan
Tag: rstdiff_1_7

--------------------------------------
Update of /home/stefan/vault/sm/rstdiff/studies
In directory rosalu:/home/stefan/free/rstdiff/studies

Modified Files:
	hashable.py 

--------------------------------------
Log Message:
Continued studies.
**************************************
Date: Sun Apr  4 13:19:22 CEST 2010
Author: stefan
Tag: rstdiff_1_6

--------------------------------------
Update of /home/stefan/vault/sm/rstdiff/studies
In directory rosalu:/home/stefan/free/rstdiff/studies

Modified Files:
	hashable.py 

--------------------------------------
Log Message:
Continued studies now using descriptor objects.
**************************************
Date: Sun Apr  4 12:12:10 CEST 2010
Author: stefan
Tag: rstdiff_1_5

--------------------------------------
Update of /home/stefan/vault/sm/rstdiff/studies
In directory rosalu:/home/stefan/free/rstdiff/studies

Modified Files:
	diff.py hashable.py 

--------------------------------------
Log Message:
More studies.
**************************************
Date: Fri Apr  2 16:49:26 CEST 2010
Author: stefan
Tag: rstdiff_1_4

--------------------------------------
Update of /home/stefan/vault/sm/rstdiff/studies
In directory rosalu:/home/stefan/free/rstdiff/studies

Modified Files:
	diff.py 

--------------------------------------
Log Message:
More studies.
**************************************
Date: Fri Apr  2 16:17:01 CEST 2010
Author: stefan
Tag: rstdiff_1_3

--------------------------------------
Update of /home/stefan/vault/sm/rstdiff/studies
In directory rosalu:/home/stefan/free/rstdiff/studies

Modified Files:
	diff.py 

--------------------------------------
Log Message:
Continued studies.
**************************************
Date: Fri Apr  2 13:47:44 CEST 2010
Author: stefan
Tag: rstdiff_1_2

--------------------------------------
Update of /home/stefan/vault/sm/rstdiff/studies
In directory rosalu:/home/stefan/free/rstdiff/studies

Added Files:
	diff.py hashable.py 

--------------------------------------
Log Message:
Added studies.
**************************************
Date: Fri Apr  2 12:42:44 CEST 2010
Author: stefan

--------------------------------------
Update of /home/stefan/vault/sm/rstdiff/studies
In directory rosalu:/home/stefan/free/rstdiff/studies


--------------------------------------
Log Message:
Directory /home/stefan/vault/sm/rstdiff/studies added to the repository

